{"/Users/Mong/Desktop/codebase-frontend-master/src/components/ListItem/component.js": {"path":"/Users/Mong/Desktop/codebase-frontend-master/src/components/ListItem/component.js","statementMap":{"0":{"start":{"line":8,"column":35},"end":{"line":8,"column":45}},"1":{"start":{"line":9,"column":4},"end":{"line":15,"column":6}},"2":{"start":{"line":19,"column":0},"end":{"line":23,"column":2}},"3":{"start":{"line":25,"column":0},"end":{"line":29,"column":2}}},"fnMap":{"0":{"name":"(anonymous_0)","decl":{"start":{"line":7,"column":2},"end":{"line":7,"column":3}},"loc":{"start":{"line":7,"column":11},"end":{"line":16,"column":3}},"line":7}},"branchMap":{},"s":{"0":1,"1":1,"2":4,"3":4},"f":{"0":1},"b":{},"_coverageSchema":"43e27e138ebf9cfc5966b082cf9a028302ed4184","hash":"d0430bb528a278321555b1d0ba0e9f59a1f7a45c"}
,"/Users/Mong/Desktop/codebase-frontend-master/src/components/ListItem/index.js": {"path":"/Users/Mong/Desktop/codebase-frontend-master/src/components/ListItem/index.js","statementMap":{},"fnMap":{},"branchMap":{},"s":{},"f":{},"b":{},"_coverageSchema":"43e27e138ebf9cfc5966b082cf9a028302ed4184","hash":"cbbf5efaaae633b5bea0b9cdfd02c87079c7f8f3"}
,"/Users/Mong/Desktop/codebase-frontend-master/src/components/ListItem/styles.js": {"path":"/Users/Mong/Desktop/codebase-frontend-master/src/components/ListItem/styles.js","statementMap":{"0":{"start":{"line":3,"column":15},"end":{"line":15,"column":1}}},"fnMap":{},"branchMap":{},"s":{"0":4},"f":{},"b":{},"_coverageSchema":"43e27e138ebf9cfc5966b082cf9a028302ed4184","hash":"3b2dc7abf7ec3644958a5d88422064f3e6225294"}
,"/Users/Mong/Desktop/codebase-frontend-master/src/pages/index.js": {"path":"/Users/Mong/Desktop/codebase-frontend-master/src/pages/index.js","statementMap":{"0":{"start":{"line":5,"column":14},"end":{"line":9,"column":1}}},"fnMap":{},"branchMap":{},"s":{"0":1},"f":{},"b":{},"_coverageSchema":"43e27e138ebf9cfc5966b082cf9a028302ed4184","hash":"cc95eefddbc70fc8c5c86170a91f5b1bb0477f60"}
,"/Users/Mong/Desktop/codebase-frontend-master/src/pages/Developer/component.js": {"path":"/Users/Mong/Desktop/codebase-frontend-master/src/pages/Developer/component.js","statementMap":{"0":{"start":{"line":9,"column":17},"end":{"line":9,"column":45}},"1":{"start":{"line":10,"column":4},"end":{"line":17,"column":6}},"2":{"start":{"line":21,"column":0},"end":{"line":23,"column":2}},"3":{"start":{"line":25,"column":0},"end":{"line":27,"column":2}}},"fnMap":{"0":{"name":"(anonymous_0)","decl":{"start":{"line":8,"column":2},"end":{"line":8,"column":3}},"loc":{"start":{"line":8,"column":11},"end":{"line":18,"column":3}},"line":8}},"branchMap":{},"s":{"0":1,"1":1,"2":2,"3":2},"f":{"0":1},"b":{},"_coverageSchema":"43e27e138ebf9cfc5966b082cf9a028302ed4184","hash":"4bf75e81fed12e0bfbcb6cc0bb392776f78c685c"}
,"/Users/Mong/Desktop/codebase-frontend-master/src/pages/Developer/index.js": {"path":"/Users/Mong/Desktop/codebase-frontend-master/src/pages/Developer/index.js","statementMap":{},"fnMap":{},"branchMap":{},"s":{},"f":{},"b":{},"_coverageSchema":"43e27e138ebf9cfc5966b082cf9a028302ed4184","hash":"3aab658ce239c93ef52505f351c03ac6f999144d"}
,"/Users/Mong/Desktop/codebase-frontend-master/src/pages/Error404/component.js": {"path":"/Users/Mong/Desktop/codebase-frontend-master/src/pages/Error404/component.js","statementMap":{"0":{"start":{"line":8,"column":4},"end":{"line":15,"column":6}}},"fnMap":{"0":{"name":"(anonymous_0)","decl":{"start":{"line":7,"column":2},"end":{"line":7,"column":3}},"loc":{"start":{"line":7,"column":11},"end":{"line":16,"column":3}},"line":7}},"branchMap":{},"s":{"0":1},"f":{"0":1},"b":{},"_coverageSchema":"43e27e138ebf9cfc5966b082cf9a028302ed4184","hash":"930b4ee542184afc75b0bc54fe2f74cda89f2c03"}
,"/Users/Mong/Desktop/codebase-frontend-master/src/pages/Error404/index.js": {"path":"/Users/Mong/Desktop/codebase-frontend-master/src/pages/Error404/index.js","statementMap":{},"fnMap":{},"branchMap":{},"s":{},"f":{},"b":{},"_coverageSchema":"43e27e138ebf9cfc5966b082cf9a028302ed4184","hash":"34cab6002be388102e97f156d213c74f53838aea"}
,"/Users/Mong/Desktop/codebase-frontend-master/src/pages/Home/action.js": {"path":"/Users/Mong/Desktop/codebase-frontend-master/src/pages/Home/action.js","statementMap":{"0":{"start":{"line":4,"column":2},"end":{"line":13,"column":4}},"1":{"start":{"line":5,"column":4},"end":{"line":5,"column":40}},"2":{"start":{"line":7,"column":4},"end":{"line":12,"column":13}},"3":{"start":{"line":8,"column":6},"end":{"line":11,"column":9}}},"fnMap":{"0":{"name":"getListOfDevelopers","decl":{"start":{"line":3,"column":16},"end":{"line":3,"column":35}},"loc":{"start":{"line":3,"column":38},"end":{"line":14,"column":1}},"line":3},"1":{"name":"(anonymous_1)","decl":{"start":{"line":4,"column":9},"end":{"line":4,"column":10}},"loc":{"start":{"line":4,"column":23},"end":{"line":13,"column":3}},"line":4},"2":{"name":"(anonymous_2)","decl":{"start":{"line":7,"column":22},"end":{"line":7,"column":23}},"loc":{"start":{"line":7,"column":28},"end":{"line":12,"column":5}},"line":7}},"branchMap":{},"s":{"0":1,"1":1,"2":1,"3":1},"f":{"0":1,"1":1,"2":1},"b":{},"_coverageSchema":"43e27e138ebf9cfc5966b082cf9a028302ed4184","hash":"9d2ae1b0e8accf0e6e1bac18d737a7d51583e5de"}
,"/Users/Mong/Desktop/codebase-frontend-master/src/pages/Home/component.js": {"path":"/Users/Mong/Desktop/codebase-frontend-master/src/pages/Home/component.js","statementMap":{"0":{"start":{"line":11,"column":4},"end":{"line":11,"column":45}},"1":{"start":{"line":15,"column":21},"end":{"line":15,"column":31}},"2":{"start":{"line":16,"column":4},"end":{"line":32,"column":5}},"3":{"start":{"line":17,"column":6},"end":{"line":19,"column":8}},"4":{"start":{"line":21,"column":6},"end":{"line":31,"column":8}},"5":{"start":{"line":25,"column":14},"end":{"line":27,"column":21}},"6":{"start":{"line":36,"column":35},"end":{"line":36,"column":45}},"7":{"start":{"line":37,"column":4},"end":{"line":50,"column":5}},"8":{"start":{"line":38,"column":6},"end":{"line":40,"column":8}},"9":{"start":{"line":42,"column":6},"end":{"line":49,"column":8}},"10":{"start":{"line":54,"column":0},"end":{"line":59,"column":2}},"11":{"start":{"line":61,"column":0},"end":{"line":66,"column":2}}},"fnMap":{"0":{"name":"(anonymous_0)","decl":{"start":{"line":10,"column":2},"end":{"line":10,"column":3}},"loc":{"start":{"line":10,"column":23},"end":{"line":12,"column":3}},"line":10},"1":{"name":"(anonymous_1)","decl":{"start":{"line":14,"column":2},"end":{"line":14,"column":3}},"loc":{"start":{"line":14,"column":16},"end":{"line":33,"column":3}},"line":14},"2":{"name":"(anonymous_2)","decl":{"start":{"line":24,"column":21},"end":{"line":24,"column":22}},"loc":{"start":{"line":25,"column":14},"end":{"line":27,"column":21}},"line":25},"3":{"name":"(anonymous_3)","decl":{"start":{"line":35,"column":2},"end":{"line":35,"column":3}},"loc":{"start":{"line":35,"column":11},"end":{"line":51,"column":3}},"line":35}},"branchMap":{"0":{"loc":{"start":{"line":16,"column":4},"end":{"line":32,"column":5}},"type":"if","locations":[{"start":{"line":16,"column":4},"end":{"line":32,"column":5}},{"start":{"line":16,"column":4},"end":{"line":32,"column":5}}],"line":16},"1":{"loc":{"start":{"line":37,"column":4},"end":{"line":50,"column":5}},"type":"if","locations":[{"start":{"line":37,"column":4},"end":{"line":50,"column":5}},{"start":{"line":37,"column":4},"end":{"line":50,"column":5}}],"line":37}},"s":{"0":3,"1":2,"2":2,"3":1,"4":1,"5":3,"6":3,"7":3,"8":1,"9":2,"10":3,"11":3},"f":{"0":3,"1":2,"2":3,"3":3},"b":{"0":[1,1],"1":[1,2]},"_coverageSchema":"43e27e138ebf9cfc5966b082cf9a028302ed4184","hash":"943127d626c48176e1a7462a0e3ab33042376e27"}
,"/Users/Mong/Desktop/codebase-frontend-master/src/pages/Home/index.js": {"path":"/Users/Mong/Desktop/codebase-frontend-master/src/pages/Home/index.js","statementMap":{"0":{"start":{"line":9,"column":30},"end":{"line":9,"column":40}},"1":{"start":{"line":10,"column":2},"end":{"line":13,"column":4}},"2":{"start":{"line":17,"column":2},"end":{"line":19,"column":4}},"3":{"start":{"line":22,"column":15},"end":{"line":22,"column":44}}},"fnMap":{"0":{"name":"mapStateToProps","decl":{"start":{"line":8,"column":9},"end":{"line":8,"column":24}},"loc":{"start":{"line":8,"column":32},"end":{"line":14,"column":1}},"line":8},"1":{"name":"mapDispatchToProps","decl":{"start":{"line":16,"column":9},"end":{"line":16,"column":27}},"loc":{"start":{"line":16,"column":38},"end":{"line":20,"column":1}},"line":16}},"branchMap":{},"s":{"0":1,"1":1,"2":1,"3":2},"f":{"0":1,"1":1},"b":{},"_coverageSchema":"43e27e138ebf9cfc5966b082cf9a028302ed4184","hash":"9ed222b80b000cb63fc4c2bd08788d3043600067"}
,"/Users/Mong/Desktop/codebase-frontend-master/src/pages/Home/reducer.js": {"path":"/Users/Mong/Desktop/codebase-frontend-master/src/pages/Home/reducer.js","statementMap":{"0":{"start":{"line":3,"column":21},"end":{"line":6,"column":1}},"1":{"start":{"line":9,"column":25},"end":{"line":9,"column":31}},"2":{"start":{"line":10,"column":2},"end":{"line":24,"column":3}},"3":{"start":{"line":12,"column":6},"end":{"line":15,"column":8}},"4":{"start":{"line":17,"column":6},"end":{"line":21,"column":8}},"5":{"start":{"line":23,"column":6},"end":{"line":23,"column":19}}},"fnMap":{"0":{"name":"reducer","decl":{"start":{"line":8,"column":24},"end":{"line":8,"column":31}},"loc":{"start":{"line":8,"column":62},"end":{"line":25,"column":1}},"line":8}},"branchMap":{"0":{"loc":{"start":{"line":8,"column":32},"end":{"line":8,"column":52}},"type":"default-arg","locations":[{"start":{"line":8,"column":40},"end":{"line":8,"column":52}}],"line":8},"1":{"loc":{"start":{"line":10,"column":2},"end":{"line":24,"column":3}},"type":"switch","locations":[{"start":{"line":11,"column":4},"end":{"line":15,"column":8}},{"start":{"line":16,"column":4},"end":{"line":21,"column":8}},{"start":{"line":22,"column":4},"end":{"line":23,"column":19}}],"line":10}},"s":{"0":1,"1":3,"2":3,"3":1,"4":1,"5":1},"f":{"0":3},"b":{"0":[3],"1":[1,1,1]},"_coverageSchema":"43e27e138ebf9cfc5966b082cf9a028302ed4184","hash":"d79e1214fda7ef1bcf86cbe99584f0c8f3e387f3"}
,"/Users/Mong/Desktop/codebase-frontend-master/src/pages/Home/styles.js": {"path":"/Users/Mong/Desktop/codebase-frontend-master/src/pages/Home/styles.js","statementMap":{"0":{"start":{"line":1,"column":15},"end":{"line":11,"column":1}}},"fnMap":{},"branchMap":{},"s":{"0":2},"f":{},"b":{},"_coverageSchema":"43e27e138ebf9cfc5966b082cf9a028302ed4184","hash":"8e91031e4157388378bbda376d4c0141291a2f70"}
,"/Users/Mong/Desktop/codebase-frontend-master/src/utils/text.js": {"path":"/Users/Mong/Desktop/codebase-frontend-master/src/utils/text.js","statementMap":{"0":{"start":{"line":2,"column":2},"end":{"line":2,"column":28}}},"fnMap":{"0":{"name":"toLowerCase","decl":{"start":{"line":1,"column":16},"end":{"line":1,"column":27}},"loc":{"start":{"line":1,"column":34},"end":{"line":3,"column":1}},"line":1}},"branchMap":{},"s":{"0":1},"f":{"0":1},"b":{},"_coverageSchema":"43e27e138ebf9cfc5966b082cf9a028302ed4184","hash":"2d2e16a78f526d8e89a9fb8c48181c64d8fac1bf"}
}
