TN:
SF:/Users/Mong/Desktop/codebase-frontend-master/src/components/ListItem/component.js
FN:7,(anonymous_0)
FNF:1
FNH:1
FNDA:1,(anonymous_0)
DA:8,1
DA:9,1
DA:19,4
DA:25,4
LF:4
LH:4
BRF:0
BRH:0
end_of_record
TN:
SF:/Users/Mong/Desktop/codebase-frontend-master/src/components/ListItem/index.js
FNF:0
FNH:0
LF:0
LH:0
BRF:0
BRH:0
end_of_record
TN:
SF:/Users/Mong/Desktop/codebase-frontend-master/src/components/ListItem/styles.js
FNF:0
FNH:0
DA:3,4
LF:1
LH:1
BRF:0
BRH:0
end_of_record
TN:
SF:/Users/Mong/Desktop/codebase-frontend-master/src/pages/index.js
FNF:0
FNH:0
DA:5,1
LF:1
LH:1
BRF:0
BRH:0
end_of_record
TN:
SF:/Users/Mong/Desktop/codebase-frontend-master/src/pages/Developer/component.js
FN:8,(anonymous_0)
FNF:1
FNH:1
FNDA:1,(anonymous_0)
DA:9,1
DA:10,1
DA:21,2
DA:25,2
LF:4
LH:4
BRF:0
BRH:0
end_of_record
TN:
SF:/Users/Mong/Desktop/codebase-frontend-master/src/pages/Developer/index.js
FNF:0
FNH:0
LF:0
LH:0
BRF:0
BRH:0
end_of_record
TN:
SF:/Users/Mong/Desktop/codebase-frontend-master/src/pages/Error404/component.js
FN:7,(anonymous_0)
FNF:1
FNH:1
FNDA:1,(anonymous_0)
DA:8,1
LF:1
LH:1
BRF:0
BRH:0
end_of_record
TN:
SF:/Users/Mong/Desktop/codebase-frontend-master/src/pages/Error404/index.js
FNF:0
FNH:0
LF:0
LH:0
BRF:0
BRH:0
end_of_record
TN:
SF:/Users/Mong/Desktop/codebase-frontend-master/src/pages/Home/action.js
FN:3,getListOfDevelopers
FN:4,(anonymous_1)
FN:7,(anonymous_2)
FNF:3
FNH:3
FNDA:1,getListOfDevelopers
FNDA:1,(anonymous_1)
FNDA:1,(anonymous_2)
DA:4,1
DA:5,1
DA:7,1
DA:8,1
LF:4
LH:4
BRF:0
BRH:0
end_of_record
TN:
SF:/Users/Mong/Desktop/codebase-frontend-master/src/pages/Home/component.js
FN:10,(anonymous_0)
FN:14,(anonymous_1)
FN:24,(anonymous_2)
FN:35,(anonymous_3)
FNF:4
FNH:4
FNDA:3,(anonymous_0)
FNDA:2,(anonymous_1)
FNDA:3,(anonymous_2)
FNDA:3,(anonymous_3)
DA:11,3
DA:15,2
DA:16,2
DA:17,1
DA:21,1
DA:25,3
DA:36,3
DA:37,3
DA:38,1
DA:42,2
DA:54,3
DA:61,3
LF:12
LH:12
BRDA:16,0,0,1
BRDA:16,0,1,1
BRDA:37,1,0,1
BRDA:37,1,1,2
BRF:4
BRH:4
end_of_record
TN:
SF:/Users/Mong/Desktop/codebase-frontend-master/src/pages/Home/index.js
FN:8,mapStateToProps
FN:16,mapDispatchToProps
FNF:2
FNH:2
FNDA:1,mapStateToProps
FNDA:1,mapDispatchToProps
DA:9,1
DA:10,1
DA:17,1
DA:22,2
LF:4
LH:4
BRF:0
BRH:0
end_of_record
TN:
SF:/Users/Mong/Desktop/codebase-frontend-master/src/pages/Home/reducer.js
FN:8,reducer
FNF:1
FNH:1
FNDA:3,reducer
DA:3,1
DA:9,3
DA:10,3
DA:12,1
DA:17,1
DA:23,1
LF:6
LH:6
BRDA:8,0,0,3
BRDA:10,1,0,1
BRDA:10,1,1,1
BRDA:10,1,2,1
BRF:4
BRH:4
end_of_record
TN:
SF:/Users/Mong/Desktop/codebase-frontend-master/src/pages/Home/styles.js
FNF:0
FNH:0
DA:1,2
LF:1
LH:1
BRF:0
BRH:0
end_of_record
TN:
SF:/Users/Mong/Desktop/codebase-frontend-master/src/utils/text.js
FN:1,toLowerCase
FNF:1
FNH:1
FNDA:1,toLowerCase
DA:2,1
LF:1
LH:1
BRF:0
BRH:0
end_of_record
